<?xml version="1.0" encoding="UTF-8"?>
<!-- Generated by org.testng.reporters.JUnitReportReporter -->
<testsuite skipped="0" hostname="BDC11-L-72001LD" name="com.practicce.amazon.amazon.buyHeadPhones" tests="1" failures="0" timestamp="17 Aug 2019 18:03:09 GMT" time="103.387" errors="0">
  <testcase name="AddBestSellersToCart" time="103.387" classname="com.practicce.amazon.amazon.buyHeadPhones"/>
</testsuite> <!-- com.practicce.amazon.amazon.buyHeadPhones -->
